<?xml version="1.0" encoding="UTF-8"?>
<!-- Generated by org.testng.reporters.JUnitXMLReporter -->
<testsuite ignored="0" hostname="DESKTOP-GBB34UC" failures="0" tests="4" name="Test-Runner-firefox" time="0.2" errors="0" timestamp="2022-11-13T16:30:33 IST">
  <testcase classname="vTiger.GenericLibrary.BaseClass" name="@BeforeTest bcConfig" time="0.004">
    <failure type="java.lang.NullPointerException" message="Cannot invoke &amp;quot;org.openqa.selenium.WebDriver.manage()&amp;quot; because &amp;quot;driver&amp;quot; is null">
      <![CDATA[java.lang.NullPointerException: Cannot invoke "org.openqa.selenium.WebDriver.manage()" because "driver" is null
at vTiger.GenericLibrary.WebDriverLibrary.maximizeWindow(WebDriverLibrary.java:40)
at vTiger.GenericLibrary.BaseClass.bcConfig(BaseClass.java:68)
at java.base/java.util.concurrent.FutureTask.run(FutureTask.java:264)
at java.base/java.util.concurrent.ThreadPoolExecutor.runWorker(ThreadPoolExecutor.java:1136)
at java.base/java.util.concurrent.ThreadPoolExecutor$Worker.run(ThreadPoolExecutor.java:635)
at java.base/java.lang.Thread.run(Thread.java:833)
... Removed 15 stack frames]]>
    </failure>
  </testcase> <!-- @BeforeTest bcConfig -->
  <testcase classname="vTiger.GenericLibrary.BaseClass" name="@BeforeMethod bmConfig" time="-1.668337233352E9">
    <skipped/>
  </testcase> <!-- @BeforeMethod bmConfig -->
  <testcase classname="vTiger.GenericLibrary.BaseClass" name="@AfterMethod amConfig" time="-1.668337233405E9">
    <skipped/>
  </testcase> <!-- @AfterMethod amConfig -->
  <testcase classname="vTiger.GenericLibrary.BaseClass" name="@BeforeMethod bmConfig" time="-1.66833723342E9">
    <skipped/>
  </testcase> <!-- @BeforeMethod bmConfig -->
  <testcase classname="vTiger.GenericLibrary.BaseClass" name="@AfterMethod amConfig" time="-1.66833723344E9">
    <skipped/>
  </testcase> <!-- @AfterMethod amConfig -->
  <testcase classname="vTiger.GenericLibrary.BaseClass" name="@BeforeMethod bmConfig" time="-1.668337233442E9">
    <skipped/>
  </testcase> <!-- @BeforeMethod bmConfig -->
  <testcase classname="vTiger.GenericLibrary.BaseClass" name="@AfterMethod amConfig" time="-1.668337233461E9">
    <skipped/>
  </testcase> <!-- @AfterMethod amConfig -->
  <testcase classname="vTiger.GenericLibrary.BaseClass" name="@BeforeMethod bmConfig" time="-1.668337233466E9">
    <skipped/>
  </testcase> <!-- @BeforeMethod bmConfig -->
  <testcase classname="vTiger.GenericLibrary.BaseClass" name="@AfterMethod amConfig" time="-1.668337233488E9">
    <skipped/>
  </testcase> <!-- @AfterMethod amConfig -->
  <testcase classname="vTiger.GenericLibrary.BaseClass" name="@AfterClass acConfig" time="-1.66833723349E9">
    <skipped/>
  </testcase> <!-- @AfterClass acConfig -->
  <testcase classname="vTiger.ContactsTests.CreateContactTest" name="createContactDemoTest" time="0.0">
    <skipped/>
  </testcase> <!-- createContactDemoTest -->
  <testcase classname="vTiger.ContactsTests.CreateContactTest" name="createContactTest" time="0.0">
    <skipped/>
  </testcase> <!-- createContactTest -->
  <testcase classname="vTiger.ContactsTests.CreateContactTest" name="createContactWithLeadSource" time="0.0">
    <skipped/>
  </testcase> <!-- createContactWithLeadSource -->
  <testcase classname="vTiger.ContactsTests.CreateContactTest" name="createContactWithLeadSourceAndOrg" time="0.0">
    <skipped/>
  </testcase> <!-- createContactWithLeadSourceAndOrg -->
</testsuite> <!-- Test-Runner-firefox -->
