<?xml version="1.0" encoding="UTF-8"?>
<!-- Generated by org.testng.reporters.JUnitReportReporter -->
<testsuite hostname="DESKTOP-GBB34UC" failures="0" tests="1" name="vTiger.ContactsTests.POMPracticeForCreateContactTest" time="22.546" errors="0" timestamp="2022-11-15T02:11:34 IST" skipped="0">
  <testcase classname="vTiger.ContactsTests.POMPracticeForCreateContactTest" name="pomPracticeForCreateContactTest" time="22.546"/>
  <system-out>
    <![CDATA[test execution started -> pomPracticeForCreateContactTest]]>
  </system-out>
</testsuite> <!-- vTiger.ContactsTests.POMPracticeForCreateContactTest -->
