<?xml version="1.0" encoding="UTF-8"?>
<!-- Generated by org.testng.reporters.JUnitReportReporter -->
<testsuite hostname="DESKTOP-GBB34UC" failures="0" tests="1" name="vTigerPractice.BaseClassPractice" time="0.005" errors="0" timestamp="2022-11-12T01:34:51 IST" skipped="0">
  <testcase classname="vTigerPractice.BaseClassPractice" name="test1" time="0.005"/>
  <system-out/>
</testsuite> <!-- vTigerPractice.BaseClassPractice -->
