<?xml version="1.0" encoding="UTF-8"?>
<!-- Generated by org.testng.reporters.JUnitReportReporter -->
<testsuite hostname="DESKTOP-GBB34UC" failures="0" tests="4" name="vTigerPractice.MyPractice" time="0.010" errors="0" timestamp="2022-11-05T18:58:25 IST" skipped="0">
  <testcase classname="vTigerPractice.MyPractice" name="addProductToStore" time="0.001"/>
  <system-out/>
  <testcase classname="vTigerPractice.MyPractice" name="addRentToRecord" time="0.002"/>
  <system-out/>
  <testcase classname="vTigerPractice.MyPractice" name="addProductToStore" time="0.005"/>
  <system-out/>
  <testcase classname="vTigerPractice.MyPractice" name="addRentToRecord" time="0.002"/>
  <system-out/>
</testsuite> <!-- vTigerPractice.MyPractice -->
