<?xml version="1.0" encoding="UTF-8"?>
<!-- Generated by org.testng.reporters.JUnitReportReporter -->
<testsuite hostname="DESKTOP-GBB34UC" failures="0" tests="1" name="vTiger.ContactsTests.POMCreateContactWithOrganization" time="38.577" errors="0" timestamp="2022-11-15T02:11:34 IST" skipped="0">
  <testcase classname="vTiger.ContactsTests.POMCreateContactWithOrganization" name="pomCreateContactWithOrganization" time="38.577"/>
  <system-out>
    <![CDATA[test execution started -> pomCreateContactWithOrganization]]>
  </system-out>
</testsuite> <!-- vTiger.ContactsTests.POMCreateContactWithOrganization -->
