<?xml version="1.0" encoding="UTF-8"?>
<!-- Generated by org.testng.reporters.JUnitReportReporter -->
<testsuite hostname="DESKTOP-GBB34UC" failures="0" tests="1" name="vTiger.ContactsTests.CreateContactWithOrganizationTest" time="29.566" errors="0" timestamp="2022-11-15T10:10:26 IST" skipped="0">
  <testcase classname="vTiger.ContactsTests.CreateContactWithOrganizationTest" name="createContactWithOrganizationTest" time="29.566"/>
  <system-out>
    <![CDATA[Organizations link clicked
Organizations look up image link clicked
Organization created successfully
Contacts link clicked
Create Contacts look up image link clicked
Contact Created ]]>
  </system-out>
</testsuite> <!-- vTiger.ContactsTests.CreateContactWithOrganizationTest -->
