<?xml version="1.0" encoding="UTF-8"?>
<!-- Generated by org.testng.reporters.JUnitReportReporter -->
<testsuite hostname="DESKTOP-GBB34UC" failures="0" tests="1" name="vTigerPractice.ReadDataFromCmdLine" time="0.008" errors="0" timestamp="2022-11-18T01:30:30 IST" skipped="0">
  <testcase classname="vTigerPractice.ReadDataFromCmdLine" name="readData" time="0.008"/>
  <system-out/>
</testsuite> <!-- vTigerPractice.ReadDataFromCmdLine -->
