<?xml version="1.0" encoding="UTF-8"?>
<!-- Generated by org.testng.reporters.JUnitReportReporter -->
<testsuite hostname="DESKTOP-GBB34UC" failures="0" tests="4" name="testNgPractice.CreateContactWithOrganization" time="0.011" errors="0" timestamp="2022-11-05T22:23:59 IST" skipped="0">
  <testcase classname="testNgPractice.CreateContactWithOrganization" name="createContactWithOrganization" time="0.003"/>
  <system-out/>
  <testcase classname="testNgPractice.CreateContactWithOrganization" name="createContactWithOrganization" time="0.001"/>
  <system-out/>
  <testcase classname="testNgPractice.CreateContactWithOrganization" name="createContactWithOrganization" time="0.001"/>
  <system-out/>
  <testcase classname="testNgPractice.CreateContactWithOrganization" name="createContactWithOrganization" time="0.006"/>
  <system-out/>
</testsuite> <!-- testNgPractice.CreateContactWithOrganization -->
