<?xml version="1.0" encoding="UTF-8"?>
<!-- Generated by org.testng.reporters.JUnitReportReporter -->
<testsuite hostname="DESKTOP-GBB34UC" failures="0" tests="2" name="vTigerPractice.TestNGPractice" time="0.010" errors="0" timestamp="2022-11-04T23:45:15 IST" skipped="0">
  <testcase classname="vTigerPractice.TestNGPractice" name="createCustomer" time="0.009"/>
  <system-out/>
  <testcase classname="vTigerPractice.TestNGPractice" name="modifyCustomer" time="0.001"/>
  <system-out/>
</testsuite> <!-- vTigerPractice.TestNGPractice -->
