<?xml version="1.0" encoding="UTF-8"?>
<!-- Generated by org.testng.reporters.JUnitReportReporter -->
<testsuite hostname="DESKTOP-GBB34UC" failures="0" tests="4" name="testNgPractice.CreateOrganizationWithIndustry" time="0.014" errors="0" timestamp="2022-11-05T22:31:44 IST" skipped="0">
  <testcase classname="testNgPractice.CreateOrganizationWithIndustry" name="createOrganizationWithIndustry" time="0.004"/>
  <system-out/>
  <testcase classname="testNgPractice.CreateOrganizationWithIndustry" name="createOrganizationWithIndustry" time="0.006"/>
  <system-out/>
  <testcase classname="testNgPractice.CreateOrganizationWithIndustry" name="createOrganizationWithIndustry" time="0.002"/>
  <system-out/>
  <testcase classname="testNgPractice.CreateOrganizationWithIndustry" name="createOrganizationWithIndustry" time="0.002"/>
  <system-out/>
</testsuite> <!-- testNgPractice.CreateOrganizationWithIndustry -->
