<?xml version="1.0" encoding="UTF-8"?>
<!-- Generated by org.testng.reporters.JUnitReportReporter -->
<testsuite hostname="DESKTOP-GBB34UC" failures="0" tests="1" name="vTiger.OrganizationsTests.CreateOrganizationTest" time="21.067" errors="0" timestamp="2022-11-15T10:10:26 IST" skipped="0">
  <testcase classname="vTiger.OrganizationsTests.CreateOrganizationTest" name="createOrganization" time="21.067"/>
  <system-out/>
</testsuite> <!-- vTiger.OrganizationsTests.CreateOrganizationTest -->
