<?xml version="1.0" encoding="UTF-8"?>
<!-- Generated by org.testng.reporters.JUnitReportReporter -->
<testsuite hostname="DESKTOP-GBB34UC" failures="0" tests="4" name="vTiger.ContactsTests.CreateContactTest" time="62.588" errors="0" timestamp="2022-11-15T10:10:26 IST" skipped="0">
  <testcase classname="vTiger.ContactsTests.CreateContactTest" name="createContactWithLeadSourceAndOrg" time="4.881"/>
  <system-out/>
  <testcase classname="vTiger.ContactsTests.CreateContactTest" name="createContactDemoTest" time="15.300"/>
  <system-out/>
  <testcase classname="vTiger.ContactsTests.CreateContactTest" name="createContactTest" time="33.313"/>
  <system-out/>
  <testcase classname="vTiger.ContactsTests.CreateContactTest" name="createContactWithLeadSource" time="9.094"/>
  <system-out/>
</testsuite> <!-- vTiger.ContactsTests.CreateContactTest -->
